Active-HDL 13.0.375.8320 2023-06-27 18:48:51

Elaboration top modules:
Architecture                  TB_ARCHITECTURE(binarymultipleof3_tb)


---------------------------------------------------------------------------------------------------------------
Entity               | Architecture    | Library      | Info | Compiler Version          | Compilation Options
---------------------------------------------------------------------------------------------------------------
binarymultipleof3_tb | TB_ARCHITECTURE | statemachine |      | 13.0.375.8320 (Windows64) | -O3
BinaryMultipleOf3    | Behavioral      | statemachine |      | 13.0.375.8320 (Windows64) | -O3
---------------------------------------------------------------------------------------------------------------

---------------------------------------------------------------------------------------------------------------
VHDL Package                           | Library      | Info | Compiler Version          | Compilation Options
---------------------------------------------------------------------------------------------------------------
standard                               | std          |      |                           | <unavailable>
TEXTIO                                 | std          |      | 13.0.375.8320 (Windows64) |  -2019
std_logic_1164                         | ieee         |      | 13.0.375.8320 (Windows64) |  -2008
std_logic_arith                        | ieee         |      | 13.0.375.8320 (Windows64) | <unavailable>
STD_LOGIC_UNSIGNED                     | ieee         |      | 13.0.375.8320 (Windows64) | <unavailable>
---------------------------------------------------------------------------------------------------------------

---------------------------------------------------------------------------------------------------------------
Library                                | Comment
---------------------------------------------------------------------------------------------------------------
ieee                                   | Standard IEEE packages library
statemachine                           | None
std                                    | Standard VHDL library
---------------------------------------------------------------------------------------------------------------


Simulation Options: asim -O5 +access +r +m+binarymultipleof3_tb binarymultipleof3_tb TB_ARCHITECTURE

